[
  {
    "case_id": "G0_no_ring_rectangular_repeat",
    "geometry_change": "no ring; reused R2 C3 equivalent control",
    "solve_status": "PASS",
    "H_final_minus_H0": "4.437619580785759e-06",
    "regional_roughness": "5.3444025116730526e-05",
    "pseudo_spike_regional_flag": false,
    "interface_quality": "clear",
    "case_pass": true,
    "note": "R2 C3 no-ring seed reused to avoid redundant long solve."
  },
  {
    "case_id": "G1_ring_current_position_repeat",
    "geometry_change": "current ring; reused R2 C2 equivalent static ALE control",
    "solve_status": "PASS",
    "H_final_minus_H0": "4.530039661407919e-06",
    "regional_roughness": "0.0010595430631147283",
    "pseudo_spike_regional_flag": true,
    "interface_quality": "weak_or_spiky",
    "case_pass": false,
    "note": "R2 C2 current ring static ALE control reused to avoid redundant long solve."
  },
  {
    "case_id": "G2_ring_deeper_submerged",
    "geometry_change": "ring top 2 mm below z0",
    "build": {
      "case_id": "G2_ring_deeper_submerged",
      "ring": true,
      "z_ring0": -0.003,
      "ale": true
    },
    "ring": true,
    "ri": 0.006,
    "ro": 0.012,
    "h_ring": 0.002,
    "z_ring0": -0.003,
    "ring_all": [
      4,
      5,
      6,
      7
    ],
    "ale": true,
    "wettedwall": true,
    "theta": "pi/2",
    "beta": "eps_ls",
    "eps_ls": "1[mm]",
    "gamma": "0.01[m/s]",
    "solve_status": "PASS",
    "failure_message": "Traceback (most recent call last):\n  File \"C:\\Users\\kqdx\\Documents\\COMSOL仿真方法\\ring_fountain_06_R3_ring_contactline_isolation.py\", line 430, in evaluate_model\n    _, s0 = regional_metrics_from_arrays(case_id, 1, t0, r0, z0, p0, ri, ro, z_ring0, h_ring)\n            ^^^^^^^^^^^^^^^^^^^^^^^^^^^^^^^^^^^^^^^^^^^^^^^^^^^^^^^^^^^^^^^^^^^^^^^^^^^^^^^^^\n  File \"C:\\Users\\kqdx\\Documents\\COMSOL仿真方法\\ring_fountain_06_R3_ring_contactline_isolation.py\", line 350, in regional_metrics_from_arrays\n    by.setdefault(region_of(p[0], p[1], ri, ro, z_ring0, h_ring), []).append(p)\nMemoryError\n",
    "H0": NaN,
    "Hfinal": NaN,
    "H_final_minus_H0": NaN,
    "pseudo_spike_regional_flag": true,
    "interface_quality": "extraction_failed",
    "reldetjacmin_min": 1.0,
    "reldetjac_min": 1.0,
    "qual_min": 1.0,
    "dvol_min": 1.0,
    "mesh_quality_proxy": 1.0,
    "max_mesh_vertical_displacement": 1.734723475976807e-17,
    "inverted_element_flag": false,
    "case_pass": false,
    "timestamp_model": "D:\\_COMSOL_FILE_SAVE_\\COMSOL_Ring_Fountain\\06_true_moving_geometry_R3_ring_contactline_isolation\\03_ring_geometry_position_controls\\models\\G2_ring_deeper_submerged_20260620_022152.mph",
    "model": "D:\\_COMSOL_FILE_SAVE_\\COMSOL_Ring_Fountain\\06_true_moving_geometry_R3_ring_contactline_isolation\\03_ring_geometry_position_controls\\models\\G2_ring_deeper_submerged_20260620_022152.mph",
    "canonical_note": "canonical existed and was not overwritten: D:\\_COMSOL_FILE_SAVE_\\COMSOL_Ring_Fountain\\06_true_moving_geometry_R3_ring_contactline_isolation\\03_ring_geometry_position_controls\\models\\G2_ring_deeper_submerged.mph",
    "timestamp_java": "D:\\_COMSOL_FILE_SAVE_\\COMSOL_Ring_Fountain\\06_true_moving_geometry_R3_ring_contactline_isolation\\03_ring_geometry_position_controls\\exports\\G2_ring_deeper_submerged_20260620_022152.java",
    "java": "D:\\_COMSOL_FILE_SAVE_\\COMSOL_Ring_Fountain\\06_true_moving_geometry_R3_ring_contactline_isolation\\03_ring_geometry_position_controls\\exports\\G2_ring_deeper_submerged_20260620_022152.java",
    "canonical_note_java": "canonical existed and was not overwritten: D:\\_COMSOL_FILE_SAVE_\\COMSOL_Ring_Fountain\\06_true_moving_geometry_R3_ring_contactline_isolation\\03_ring_geometry_position_controls\\exports\\G2_ring_deeper_submerged.java",
    "ring_top_minus_z0": -0.002,
    "ring_bottom_minus_z0": -0.004,
    "sharp_corner_present": true,
    "fillet_radius": 0
  },
  {
    "case_id": "G3_ring_far_below_surface",
    "geometry_change": "ring top 5 mm below z0",
    "build": {
      "case_id": "G3_ring_far_below_surface",
      "ring": true,
      "z_ring0": -0.006,
      "ale": true
    },
    "ring": true,
    "ri": 0.006,
    "ro": 0.012,
    "h_ring": 0.002,
    "z_ring0": -0.006,
    "ring_all": [
      4,
      5,
      6,
      7
    ],
    "ale": true,
    "wettedwall": true,
    "theta": "pi/2",
    "beta": "eps_ls",
    "eps_ls": "1[mm]",
    "gamma": "0.01[m/s]",
    "solve_status": "PASS",
    "failure_message": "Traceback (most recent call last):\n  File \"C:\\Users\\kqdx\\Documents\\COMSOL仿真方法\\ring_fountain_06_R3_ring_contactline_isolation.py\", line 430, in evaluate_model\n    _, s0 = regional_metrics_from_arrays(case_id, 1, t0, r0, z0, p0, ri, ro, z_ring0, h_ring)\n            ^^^^^^^^^^^^^^^^^^^^^^^^^^^^^^^^^^^^^^^^^^^^^^^^^^^^^^^^^^^^^^^^^^^^^^^^^^^^^^^^^\n  File \"C:\\Users\\kqdx\\Documents\\COMSOL仿真方法\\ring_fountain_06_R3_ring_contactline_isolation.py\", line 350, in regional_metrics_from_arrays\n    by.setdefault(region_of(p[0], p[1], ri, ro, z_ring0, h_ring), []).append(p)\nMemoryError\n",
    "H0": NaN,
    "Hfinal": NaN,
    "H_final_minus_H0": NaN,
    "pseudo_spike_regional_flag": true,
    "interface_quality": "extraction_failed",
    "reldetjacmin_min": 1.0,
    "reldetjac_min": 1.0,
    "qual_min": 1.0,
    "dvol_min": 1.0,
    "mesh_quality_proxy": 1.0,
    "max_mesh_vertical_displacement": 1.3877787807814457e-17,
    "inverted_element_flag": false,
    "case_pass": false,
    "timestamp_model": "D:\\_COMSOL_FILE_SAVE_\\COMSOL_Ring_Fountain\\06_true_moving_geometry_R3_ring_contactline_isolation\\03_ring_geometry_position_controls\\models\\G3_ring_far_below_surface_20260620_022152.mph",
    "model": "D:\\_COMSOL_FILE_SAVE_\\COMSOL_Ring_Fountain\\06_true_moving_geometry_R3_ring_contactline_isolation\\03_ring_geometry_position_controls\\models\\G3_ring_far_below_surface_20260620_022152.mph",
    "canonical_note": "canonical existed and was not overwritten: D:\\_COMSOL_FILE_SAVE_\\COMSOL_Ring_Fountain\\06_true_moving_geometry_R3_ring_contactline_isolation\\03_ring_geometry_position_controls\\models\\G3_ring_far_below_surface.mph",
    "timestamp_java": "D:\\_COMSOL_FILE_SAVE_\\COMSOL_Ring_Fountain\\06_true_moving_geometry_R3_ring_contactline_isolation\\03_ring_geometry_position_controls\\exports\\G3_ring_far_below_surface_20260620_022152.java",
    "java": "D:\\_COMSOL_FILE_SAVE_\\COMSOL_Ring_Fountain\\06_true_moving_geometry_R3_ring_contactline_isolation\\03_ring_geometry_position_controls\\exports\\G3_ring_far_below_surface_20260620_022152.java",
    "canonical_note_java": "canonical existed and was not overwritten: D:\\_COMSOL_FILE_SAVE_\\COMSOL_Ring_Fountain\\06_true_moving_geometry_R3_ring_contactline_isolation\\03_ring_geometry_position_controls\\exports\\G3_ring_far_below_surface.java",
    "ring_top_minus_z0": -0.005,
    "ring_bottom_minus_z0": -0.007,
    "sharp_corner_present": true,
    "fillet_radius": 0
  },
  {
    "case_id": "G4_ring_above_surface_air_side",
    "solve_status": "SKIP",
    "case_pass": false,
    "failure_message": "Skipped after current/deeper/far-below ring controls showed same failure type; switching to WettedWall/contactline root cause."
  },
  {
    "case_id": "G5_ring_thinner_or_smaller_gap_control",
    "solve_status": "SKIP",
    "case_pass": false,
    "failure_message": "Skipped after current/deeper/far-below ring controls showed same failure type; switching to WettedWall/contactline root cause."
  }
]