{
  "case_id": "E_extended_stability",
  "Vtarget": "1e-2[m/s]",
  "t_end": "0.020[s]",
  "dt": "1e-4[s]",
  "used_forcing_route": "WettedWall utr = {0,-Vwall_eff(t),0}",
  "WettedWall_selection_ok": true,
  "solve_status": "PASS",
  "failure_message": "",
  "diagnostic_H_final_minus_H0_m": 0.0002340314889688338,
  "max_interface_height_change": 0.0002340314889688338,
  "max_velocity": 0.09960590392032331,
  "max_pressure": 18.14757169464013,
  "interface_quality": "clear",
  "pseudo_spike_detected": false,
  "model": "D:\\_COMSOL_FILE_SAVE_\\COMSOL_Ring_Fountain\\05_two_phase_free_surface\\5B4_falling_or_equivalent_ring\\models\\ring_fountain_v5B4_extended_stability.mph",
  "table": "D:\\_COMSOL_FILE_SAVE_\\COMSOL_Ring_Fountain\\05_two_phase_free_surface\\5B4_falling_or_equivalent_ring\\tables\\E_extended_stability_H_vs_t.csv",
  "plot": "D:\\_COMSOL_FILE_SAVE_\\COMSOL_Ring_Fountain\\05_two_phase_free_surface\\5B4_falling_or_equivalent_ring\\images\\E_extended_stability_H_vs_t.png",
  "phils_final": "D:\\_COMSOL_FILE_SAVE_\\COMSOL_Ring_Fountain\\05_two_phase_free_surface\\5B4_falling_or_equivalent_ring\\images\\E_extended_stability_phils_final.png",
  "case_pass": "FAIL"
}