[
  {
    "case_id": "T0",
    "model": "D:\\_COMSOL_FILE_SAVE_\\COMSOL_Ring_Fountain\\06_true_moving_geometry_campaign\\03_true_moving_ring_smoke\\models\\T0_20260619_125524.mph",
    "Vring": "0[m/s]",
    "t_end": "0.002[s]",
    "dt": "1e-4[s]",
    "inner": 21,
    "reldetjacmin_min": 1.0,
    "reldetjacmin_mean": 1.0,
    "reldetjac_min": 1.0,
    "reldetjac_mean": 1.0,
    "qual_min": 1.0,
    "qual_mean": 1.0,
    "dvol_min": 1.0,
    "dvol_mean": 1.0,
    "max_mesh_displacement": 1.734723475976807e-17,
    "ring_boundary_displacement_measured": -2.6020852139652106e-18,
    "min_element_size": 1.9999999999881224e-07,
    "min_ring_near_element_size": 1.3000000000000858e-06,
    "max_mesh_displacement_over_min_element_size": 8.673617379935547e-11,
    "max_mesh_displacement_over_min_ring_near_element_size": 1.334402673828225e-11,
    "mesh_quality_min": 1.0,
    "mesh_quality_mean": 1.0,
    "negative_or_inverted_element_flag": false,
    "mesh_quality_method": "COMSOL reldetjac/reldetjacmin plus coordinate-spacing proxy",
    "ring_boundary_displacement_expected": -0.0,
    "ring_boundary_displacement_error": -2.6020852139652106e-18,
    "ring_boundary_motion_verified": true
  },
  {
    "case_id": "T1",
    "model": "D:\\_COMSOL_FILE_SAVE_\\COMSOL_Ring_Fountain\\06_true_moving_geometry_campaign\\03_true_moving_ring_smoke\\models\\T1_20260619_125524.mph",
    "Vring": "1e-4[m/s]",
    "t_end": "0.002[s]",
    "dt": "1e-4[s]",
    "inner": 21,
    "reldetjacmin_min": 1.0,
    "reldetjacmin_mean": 1.0,
    "reldetjac_min": 1.0,
    "reldetjac_mean": 1.0,
    "qual_min": 1.0,
    "qual_mean": 1.0,
    "dvol_min": 1.0,
    "dvol_mean": 1.0,
    "max_mesh_displacement": 2.0000000000011328e-07,
    "ring_boundary_displacement_measured": -2.0000000000011328e-07,
    "min_element_size": 1.9999999999881224e-07,
    "min_ring_near_element_size": 1.3000000000000858e-06,
    "max_mesh_displacement_over_min_element_size": 1.0000000000065052,
    "max_mesh_displacement_over_min_ring_near_element_size": 0.15384615384623082,
    "mesh_quality_min": 1.0,
    "mesh_quality_mean": 1.0,
    "negative_or_inverted_element_flag": false,
    "mesh_quality_method": "COMSOL reldetjac/reldetjacmin plus coordinate-spacing proxy",
    "ring_boundary_displacement_expected": -2.0000000000000002e-07,
    "ring_boundary_displacement_error": -1.1326418691566097e-19,
    "ring_boundary_motion_verified": true
  },
  {
    "case_id": "T2",
    "model": "D:\\_COMSOL_FILE_SAVE_\\COMSOL_Ring_Fountain\\06_true_moving_geometry_campaign\\03_true_moving_ring_smoke\\models\\T2_20260619_125524.mph",
    "Vring": "5e-4[m/s]",
    "t_end": "0.002[s]",
    "dt": "1e-4[s]",
    "inner": 21,
    "reldetjacmin_min": 1.0,
    "reldetjacmin_mean": 1.0,
    "reldetjac_min": 1.0,
    "reldetjac_mean": 1.0,
    "qual_min": 1.0,
    "qual_mean": 1.0,
    "dvol_min": 1.0,
    "dvol_mean": 1.0,
    "max_mesh_displacement": 1.0000000000001327e-06,
    "ring_boundary_displacement_measured": -1.0000000000001327e-06,
    "min_element_size": 1.9999999999881224e-07,
    "min_ring_near_element_size": 1.3000000000000858e-06,
    "max_mesh_displacement_over_min_element_size": 5.000000000030358,
    "max_mesh_displacement_over_min_ring_near_element_size": 0.7692307692308206,
    "mesh_quality_min": 1.0,
    "mesh_quality_mean": 1.0,
    "negative_or_inverted_element_flag": false,
    "mesh_quality_method": "COMSOL reldetjac/reldetjacmin plus coordinate-spacing proxy",
    "ring_boundary_displacement_expected": -1e-06,
    "ring_boundary_displacement_error": -1.3277241448211158e-19,
    "ring_boundary_motion_verified": true
  },
  {
    "case_id": "S1",
    "model": "D:\\_COMSOL_FILE_SAVE_\\COMSOL_Ring_Fountain\\06_true_moving_geometry_campaign\\04_true_moving_ring_stability\\models\\S1_20260619_125524.mph",
    "Vring": "1e-4[m/s]",
    "t_end": "0.005[s]",
    "dt": "1e-4[s]",
    "inner": 51,
    "reldetjacmin_min": 1.0,
    "reldetjacmin_mean": 1.0,
    "reldetjac_min": 1.0,
    "reldetjac_mean": 1.0,
    "qual_min": 1.0,
    "qual_mean": 1.0,
    "dvol_min": 1.0,
    "dvol_mean": 1.0,
    "max_mesh_displacement": 5.000000000000664e-07,
    "ring_boundary_displacement_measured": -5.000000000000664e-07,
    "min_element_size": 1.9999999999881224e-07,
    "min_ring_near_element_size": 1.3000000000000858e-06,
    "max_mesh_displacement_over_min_element_size": 2.500000000015179,
    "max_mesh_displacement_over_min_ring_near_element_size": 0.3846153846154103,
    "mesh_quality_min": 1.0,
    "mesh_quality_mean": 1.0,
    "negative_or_inverted_element_flag": false,
    "mesh_quality_method": "COMSOL reldetjac/reldetjacmin plus coordinate-spacing proxy",
    "ring_boundary_displacement_expected": -5.000000000000001e-07,
    "ring_boundary_displacement_error": -6.6280328122649e-20,
    "ring_boundary_motion_verified": true
  },
  {
    "case_id": "S2",
    "model": "D:\\_COMSOL_FILE_SAVE_\\COMSOL_Ring_Fountain\\06_true_moving_geometry_campaign\\04_true_moving_ring_stability\\models\\S2_20260619_125524.mph",
    "Vring": "5e-4[m/s]",
    "t_end": "0.005[s]",
    "dt": "1e-4[s]",
    "inner": 51,
    "reldetjacmin_min": 1.0,
    "reldetjacmin_mean": 1.0,
    "reldetjac_min": 1.0,
    "reldetjac_mean": 1.0,
    "qual_min": 1.0,
    "qual_mean": 1.0,
    "dvol_min": 1.0,
    "dvol_mean": 1.0,
    "max_mesh_displacement": 2.500000000000332e-06,
    "ring_boundary_displacement_measured": -2.500000000000332e-06,
    "min_element_size": 1.9999999999881224e-07,
    "min_ring_near_element_size": 1.3000000000000858e-06,
    "max_mesh_displacement_over_min_element_size": 12.500000000075895,
    "max_mesh_displacement_over_min_ring_near_element_size": 1.9230769230770515,
    "mesh_quality_min": 1.0,
    "mesh_quality_mean": 1.0,
    "negative_or_inverted_element_flag": false,
    "mesh_quality_method": "COMSOL reldetjac/reldetjacmin plus coordinate-spacing proxy",
    "ring_boundary_displacement_expected": -2.5e-06,
    "ring_boundary_displacement_error": -3.316133988500586e-19,
    "ring_boundary_motion_verified": true
  },
  {
    "case_id": "S3",
    "model": "D:\\_COMSOL_FILE_SAVE_\\COMSOL_Ring_Fountain\\06_true_moving_geometry_campaign\\04_true_moving_ring_stability\\models\\S3_20260619_125524.mph",
    "Vring": "1e-3[m/s]",
    "t_end": "0.005[s]",
    "dt": "1e-4[s]",
    "inner": 51,
    "reldetjacmin_min": 1.0,
    "reldetjacmin_mean": 1.0,
    "reldetjac_min": 1.0,
    "reldetjac_mean": 1.0,
    "qual_min": 1.0,
    "qual_mean": 1.0,
    "dvol_min": 1.0,
    "dvol_mean": 1.0,
    "max_mesh_displacement": 5.00000000000023e-06,
    "ring_boundary_displacement_measured": -5.00000000000023e-06,
    "min_element_size": 1.9999999999881224e-07,
    "min_ring_near_element_size": 1.3000000000000858e-06,
    "max_mesh_displacement_over_min_element_size": 25.00000000014962,
    "max_mesh_displacement_over_min_ring_near_element_size": 3.846153846153769,
    "mesh_quality_min": 1.0,
    "mesh_quality_mean": 1.0,
    "negative_or_inverted_element_flag": false,
    "mesh_quality_method": "COMSOL reldetjac/reldetjacmin plus coordinate-spacing proxy",
    "ring_boundary_displacement_expected": -5e-06,
    "ring_boundary_displacement_error": -2.295459287059154e-19,
    "ring_boundary_motion_verified": true
  }
]