Traceback (most recent call last):
  File "java.lang.Thread.java", line 0, in java.lang.Thread.run
Exception: Java Exception

The above exception was the direct cause of the following exception:

Traceback (most recent call last):
  File "C:\Users\kqdx\Documents\COMSOL仿真方法\ring_fountain_stage5b2_clean_and_5b3_minimal.py", line 519, in configure_nonoverlap_wall
    spf.feature(default_tag).selection().set(jints(rest))
com.comsol.util.exceptions.com.comsol.util.exceptions.FlException: Exception:
	com.comsol.util.exceptions.FlException: Selection is not editable.
Messages:
	Selection is not editable.


The above exception was the direct cause of the following exception:

Traceback (most recent call last):
  File "C:\Users\kqdx\Documents\COMSOL仿真方法\ring_fountain_stage5b2_clean_and_5b3_minimal.py", line 610, in run_moving_case
    wall_setup = configure_nonoverlap_wall(model, moving_ids, v_expr)
                 ^^^^^^^^^^^^^^^^^^^^^^^^^^^^^^^^^^^^^^^^^^^^^^^^^^^^
  File "C:\Users\kqdx\Documents\COMSOL仿真方法\ring_fountain_stage5b2_clean_and_5b3_minimal.py", line 530, in configure_nonoverlap_wall
    raise RuntimeError(f"wall_overlap_unresolved: default wall selection is not editable and default wall cannot be removed: {remove_exc}") from selection_exc
RuntimeError: wall_overlap_unresolved: default wall selection is not editable and default wall cannot be removed: Exception:
	com.comsol.util.exceptions.FlException: Object cannot be removed.
Messages:
	Object cannot be removed.
	- Feature: Wall 1 (wallbc1)

