{
  "gates": {
    "T011_STATUS": "PASS",
    "JET1_THRESHOLD_SOURCES_RECOVERED": "YES",
    "T010_THRESHOLD_INTERPRETATION_RECOMPUTED": "YES",
    "J1_VS_J0_EVIDENCE": "NEGATIVE",
    "T010_ALLOW_NEXT_TRUE_GEOMETRY_JET1_CONSISTENT_WITH_THRESHOLD": "NO",
    "HMAX_IS_REAL_PHYSICAL_OUTPUT": "NO",
    "JET1_PHYSICAL_CONCLUSION_MADE": "NO",
    "ALLOW_NEXT_TRUE_GEOMETRY_JET1": "NO",
    "ALLOW_STAGE6": "NO",
    "ALLOW_REAL_HMAX_OUTPUT": "NO"
  },
  "recompute": {
    "j0": 6.0691962701962614e-06,
    "j1": 4.34916959663216e-06,
    "diff": -1.7200266735641012e-06,
    "normalized": 0.7165972894943995,
    "evidence": "NEGATIVE",
    "interpretation": "negative_or_no_jet1_evidence"
  }
}
