{
  "case_id": "C_E0_D4_repeat",
  "Vtarget": "1e-2[m/s]",
  "t_end": "0.020[s]",
  "dt": "1e-4[s]",
  "t_ramp": "1e-3[s]",
  "used_forcing_route": "TwoPhaseFlowLevelSet + WettedWall utr = {0,-Vwall_eff(t),0}",
  "WettedWall_selection_ok": true,
  "solve_status": "PASS",
  "failure_message": "",
  "H_raw_final_minus_H0": 0.0002340314889688338,
  "H_robust_final_minus_H0": 0.00019520223844612472,
  "max_velocity": 0.09960590392032512,
  "max_pressure": 18.147571694640153,
  "interface_quality": "clear",
  "pseudo_spike_detected": false,
  "raw_outlier_detected": false,
  "max_raw_step_jump": 0.00012426183842917504,
  "interface_points_jump": 1,
  "model": "D:\\_COMSOL_FILE_SAVE_\\COMSOL_Ring_Fountain\\05_two_phase_free_surface\\5B4_R1_extended_stability_repair\\models\\ring_fountain_v5B4_R1_E0_D4_repeat.mph",
  "timestamp_model": "D:\\_COMSOL_FILE_SAVE_\\COMSOL_Ring_Fountain\\05_two_phase_free_surface\\5B4_R1_extended_stability_repair\\models\\ring_fountain_v5B4_R1_E0_D4_repeat_20260618_225535.mph",
  "table": "D:\\_COMSOL_FILE_SAVE_\\COMSOL_Ring_Fountain\\05_two_phase_free_surface\\5B4_R1_extended_stability_repair\\tables\\C_E0_D4_repeat_H_diagnostics.csv",
  "plot": "D:\\_COMSOL_FILE_SAVE_\\COMSOL_Ring_Fountain\\05_two_phase_free_surface\\5B4_R1_extended_stability_repair\\images\\C_E0_D4_repeat_H_vs_t.png",
  "phils_final": "D:\\_COMSOL_FILE_SAVE_\\COMSOL_Ring_Fountain\\05_two_phase_free_surface\\5B4_R1_extended_stability_repair\\images\\C_E0_D4_repeat_phils_final.png",
  "case_pass": "PASS"
}